explain with t1 as (
select
id user_id,gender user_gender,
ceil(months_between('2020-02-16',birthday) / 12) user_age,
user_level
from dwd_user_info where dt = '2020-02-16'),t2 as (
select
id sku_id,
price order_price,
sku_name,
tm_id sku_tm_id,
category3_id sku_category3_id,
category2_id sku_category2_id,
category1_id sku_category1_id,
category3_name sku_category3_name,
category2_name sku_category2_name,
category1_name sku_category1_name,
spu_id spu_id
from dwd_sku_info where dt = '2020-02-16'),
t3 as (
select
orderdatail.sku_num,orderdatail.sku_id,orderdatail.user_id from ods_order_detail orderdatail join ods_payment_info payment on orderdatail.order_id = payment.order_id where orderdatail.dt = '2020-02-16' and payment.dt='2020-02-16' ),t4 as (
select orderdatail.sku_id,
orderdatail.user_id,
count(*) order_count,
sum(orderdatail.order_price*orderdatail.sku_num) order_amount
from ods_order_detail orderdatail
join ods_payment_info payment on orderdatail.order_id = payment.order_id
where orderdatail.dt = '2020-02-16' and payment.dt = '2020-02-16'
group by orderdatail.user_id,orderdatail.sku_id)
select
t1.user_id,
t2.sku_id,
t1.user_gender,
t1.user_age,
t1.user_level,
t2.order_price,
t2.sku_name,
t2.sku_tm_id,
t2.sku_category3_id,
t2.sku_category2_id,
t2.sku_category1_id,
t2.sku_category3_name,
t2.sku_category2_name,
t2.sku_category1_name,
t2.spu_id,
t3.sku_num,
t4.order_count,
t4.order_amount
from t4
join t3 on t4.sku_id = t3.sku_id and t4.user_id = t3.user_id
join t1 on t1.user_id = t3.user_id
join t2 on t3.sku_id = t2.sku_id



STAGE DEPENDENCIES:
  Stage-1 is a root stage
  Stage-0 depends on stages: Stage-1

STAGE PLANS:
  Stage: Stage-1
    Tez
      Edges:
        Map 2 <- Map 1 (BROADCAST_EDGE)
        Map 5 <- Map 4 (BROADCAST_EDGE), Map 6 (BROADCAST_EDGE), Map 7 (BROADCAST_EDGE), Reducer 3 (BROADCAST_EDGE)
        Reducer 3 <- Map 2 (SIMPLE_EDGE)
      DagName: atguigu_20200301230227_d35d4b24-dcd2-474e-8824-52788c523064:4
      Vertices:
        Map 1 
            Map Operator Tree:
                TableScan
                  alias: orderdatail
                  Statistics: Num rows: 363 Data size: 181896 Basic stats: COMPLETE Column stats: NONE
                  Filter Operator
                    predicate: ((order_id is not null and sku_id is not null) and user_id is not null) (type: boolean)
                    Statistics: Num rows: 46 Data size: 23050 Basic stats: COMPLETE Column stats: NONE
                    Reduce Output Operator
                      key expressions: order_id (type: string)
                      sort order: +
                      Map-reduce partition columns: order_id (type: string)
                      Statistics: Num rows: 46 Data size: 23050 Basic stats: COMPLETE Column stats: NONE
                      value expressions: user_id (type: string), sku_id (type: string), order_price (type: string), sku_num (type: string)
        Map 2 
            Map Operator Tree:
                TableScan
                  alias: payment
                  Statistics: Num rows: 604 Data size: 60424 Basic stats: COMPLETE Column stats: NONE
                  Filter Operator
                    predicate: order_id is not null (type: boolean)
                    Statistics: Num rows: 302 Data size: 30212 Basic stats: COMPLETE Column stats: NONE
                    Map Join Operator
                      condition map:
                           Inner Join 0 to 1
                      keys:
                        0 order_id (type: string)
                        1 order_id (type: string)
                      outputColumnNames: _col2, _col3, _col5, _col6
                      input vertices:
                        0 Map 1
                      Statistics: Num rows: 332 Data size: 33233 Basic stats: COMPLETE Column stats: NONE
                      HybridGraceHashJoin: true
                      Group By Operator
                        aggregations: count(), sum((_col5 * _col6))
                        keys: _col2 (type: string), _col3 (type: string)
                        mode: hash
                        outputColumnNames: _col0, _col1, _col2, _col3
                        Statistics: Num rows: 332 Data size: 33233 Basic stats: COMPLETE Column stats: NONE
                        Reduce Output Operator
                          key expressions: _col0 (type: string), _col1 (type: string)
                          sort order: ++
                          Map-reduce partition columns: _col0 (type: string), _col1 (type: string)
                          Statistics: Num rows: 332 Data size: 33233 Basic stats: COMPLETE Column stats: NONE
                          value expressions: _col2 (type: bigint), _col3 (type: double)
        Map 4 
            Map Operator Tree:
                TableScan
                  alias: orderdatail
                  Statistics: Num rows: 454 Data size: 181896 Basic stats: COMPLETE Column stats: NONE
                  Filter Operator
                    predicate: ((order_id is not null and sku_id is not null) and user_id is not null) (type: boolean)
                    Statistics: Num rows: 57 Data size: 22837 Basic stats: COMPLETE Column stats: NONE
                    Reduce Output Operator
                      key expressions: order_id (type: string)
                      sort order: +
                      Map-reduce partition columns: order_id (type: string)
                      Statistics: Num rows: 57 Data size: 22837 Basic stats: COMPLETE Column stats: NONE
                      value expressions: user_id (type: string), sku_id (type: string), sku_num (type: string)
        Map 5 
            Map Operator Tree:
                TableScan
                  alias: payment
                  Statistics: Num rows: 604 Data size: 60424 Basic stats: COMPLETE Column stats: NONE
                  Filter Operator
                    predicate: order_id is not null (type: boolean)
                    Statistics: Num rows: 302 Data size: 30212 Basic stats: COMPLETE Column stats: NONE
                    Map Join Operator
                      condition map:
                           Inner Join 0 to 1
                      keys:
                        0 order_id (type: string)
                        1 order_id (type: string)
                      outputColumnNames: _col2, _col3, _col6
                      input vertices:
                        0 Map 4
                      Statistics: Num rows: 332 Data size: 33233 Basic stats: COMPLETE Column stats: NONE
                      HybridGraceHashJoin: true
                      Select Operator
                        expressions: _col6 (type: string), _col3 (type: string), _col2 (type: string)
                        outputColumnNames: _col0, _col1, _col2
                        Statistics: Num rows: 332 Data size: 33233 Basic stats: COMPLETE Column stats: NONE
                        Map Join Operator
                          condition map:
                               Inner Join 0 to 1
                          keys:
                            0 _col0 (type: string), _col1 (type: string)
                            1 _col1 (type: string), _col2 (type: string)
                          outputColumnNames: _col2, _col3, _col4, _col5, _col6
                          input vertices:
                            0 Reducer 3
                          Statistics: Num rows: 365 Data size: 36556 Basic stats: COMPLETE Column stats: NONE
                          HybridGraceHashJoin: true
                          Map Join Operator
                            condition map:
                                 Inner Join 0 to 1
                            keys:
                              0 _col6 (type: string)
                              1 _col0 (type: string)
                            outputColumnNames: _col2, _col3, _col4, _col5, _col7, _col8, _col9, _col10
                            input vertices:
                              1 Map 6
                            Statistics: Num rows: 401 Data size: 40211 Basic stats: COMPLETE Column stats: NONE
                            HybridGraceHashJoin: true
                            Map Join Operator
                              condition map:
                                   Inner Join 0 to 1
                              keys:
                                0 _col5 (type: string)
                                1 _col0 (type: string)
                              outputColumnNames: _col2, _col3, _col4, _col7, _col8, _col9, _col10, _col11, _col12, _col13, _col14, _col15, _col16, _col17, _col18, _col19, _col20, _col21
                              input vertices:
                                1 Map 7
                              Statistics: Num rows: 441 Data size: 44232 Basic stats: COMPLETE Column stats: NONE
                              HybridGraceHashJoin: true
                              Select Operator
                                expressions: _col7 (type: string), _col11 (type: string), _col8 (type: string), _col9 (type: bigint), _col10 (type: string), _col12 (type: decimal(10,2)), _col13 (type: string), _col14 (type: string), _col15 (type: string), _col16 (type: string), _col17 (type: string), _col18 (type: string), _col19 (type: string), _col20 (type: string), _col21 (type: string), _col4 (type: string), _col2 (type: bigint), _col3 (type: double)
                                outputColumnNames: _col0, _col1, _col2, _col3, _col4, _col5, _col6, _col7, _col8, _col9, _col10, _col11, _col12, _col13, _col14, _col15, _col16, _col17
                                Statistics: Num rows: 441 Data size: 44232 Basic stats: COMPLETE Column stats: NONE
                                File Output Operator
                                  compressed: false
                                  Statistics: Num rows: 441 Data size: 44232 Basic stats: COMPLETE Column stats: NONE
                                  table:
                                      input format: org.apache.hadoop.mapred.TextInputFormat
                                      output format: org.apache.hadoop.hive.ql.io.HiveIgnoreKeyTextOutputFormat
                                      serde: org.apache.hadoop.hive.serde2.lazy.LazySimpleSerDe
        Map 6 
            Map Operator Tree:
                TableScan
                  alias: dwd_user_info
                  Statistics: Num rows: 400 Data size: 2800 Basic stats: COMPLETE Column stats: NONE
                  Filter Operator
                    predicate: id is not null (type: boolean)
                    Statistics: Num rows: 200 Data size: 1400 Basic stats: COMPLETE Column stats: NONE
                    Select Operator
                      expressions: id (type: string), gender (type: string), ceil((months_between('2020-02-16', birthday) / 12)) (type: bigint), user_level (type: string)
                      outputColumnNames: _col0, _col1, _col2, _col3
                      Statistics: Num rows: 200 Data size: 1400 Basic stats: COMPLETE Column stats: NONE
                      Reduce Output Operator
                        key expressions: _col0 (type: string)
                        sort order: +
                        Map-reduce partition columns: _col0 (type: string)
                        Statistics: Num rows: 200 Data size: 1400 Basic stats: COMPLETE Column stats: NONE
                        value expressions: _col1 (type: string), _col2 (type: bigint), _col3 (type: string)
        Map 7 
            Map Operator Tree:
                TableScan
                  alias: dwd_sku_info
                  Statistics: Num rows: 147 Data size: 2058 Basic stats: COMPLETE Column stats: NONE
                  Filter Operator
                    predicate: id is not null (type: boolean)
                    Statistics: Num rows: 74 Data size: 1036 Basic stats: COMPLETE Column stats: NONE
                    Select Operator
                      expressions: id (type: string), price (type: decimal(10,2)), sku_name (type: string), tm_id (type: string), category3_id (type: string), category2_id (type: string), category1_id (type: string), category3_name (type: string), category2_name (type: string), category1_name (type: string), spu_id (type: string)
                      outputColumnNames: _col0, _col1, _col2, _col3, _col4, _col5, _col6, _col7, _col8, _col9, _col10
                      Statistics: Num rows: 74 Data size: 1036 Basic stats: COMPLETE Column stats: NONE
                      Reduce Output Operator
                        key expressions: _col0 (type: string)
                        sort order: +
                        Map-reduce partition columns: _col0 (type: string)
                        Statistics: Num rows: 74 Data size: 1036 Basic stats: COMPLETE Column stats: NONE
                        value expressions: _col1 (type: decimal(10,2)), _col2 (type: string), _col3 (type: string), _col4 (type: string), _col5 (type: string), _col6 (type: string), _col7 (type: string), _col8 (type: string), _col9 (type: string), _col10 (type: string)
        Reducer 3 
            Reduce Operator Tree:
              Group By Operator
                aggregations: count(VALUE._col0), sum(VALUE._col1)
                keys: KEY._col0 (type: string), KEY._col1 (type: string)
                mode: mergepartial
                outputColumnNames: _col0, _col1, _col2, _col3
                Statistics: Num rows: 166 Data size: 16616 Basic stats: COMPLETE Column stats: NONE
                Select Operator
                  expressions: _col1 (type: string), _col0 (type: string), _col2 (type: bigint), _col3 (type: double)
                  outputColumnNames: _col0, _col1, _col2, _col3
                  Statistics: Num rows: 166 Data size: 16616 Basic stats: COMPLETE Column stats: NONE
                  Reduce Output Operator
                    key expressions: _col0 (type: string), _col1 (type: string)
                    sort order: ++
                    Map-reduce partition columns: _col0 (type: string), _col1 (type: string)
                    Statistics: Num rows: 166 Data size: 16616 Basic stats: COMPLETE Column stats: NONE
                    value expressions: _col2 (type: bigint), _col3 (type: double)

  Stage: Stage-0
    Fetch Operator
      limit: -1
      Processor Tree:
        ListSink








